CMATH Build Started  8:08:45.76 Tue 05/23/2017 
src/main.c: In function 'main':
src/main.c:26:20: warning: pointer targets in passing argument 1 of 'printASCIINumber' differ in signedness [-Wpointer-sign]
   printASCIINumber(convertMPtoASCII(a,z));
                    ^~~~~~~~~~~~~~~~
In file included from src/includes\Main.h:27:0,
                 from src/main.c:2:
src/includes\Number/MultiplePrecision.h:54:7: note: expected 'char *' but argument is of type 'unsigned char *'
 char *printASCIINumber(char *);
       ^~~~~~~~~~~~~~~~
src/mp_Add.c: In function 'mpAdd':
src/mp_Add.c:11:30: warning: cast to pointer from integer of different size [-Wint-to-pointer-cast]
   int r = mpAddShort(augend, (unsigned char *) addend[0], sum);
                              ^
src/mp_Add.c: In function 'mpAddShort':
src/mp_Add.c:35:15: warning: assignment makes integer from pointer without a cast [-Wint-conversion]
  sum[0] = a.x = augend[0] + addend;
               ^
src/mp_convertToASCII.c: In function 'convertMPtoASCII':
src/mp_convertToASCII.c:48:15: warning: pointer targets in passing argument 1 of 'util_strrev' differ in signedness [-Wpointer-sign]
   util_strrev(s);
               ^
In file included from src/includes\Main.h:22:0,
                 from src/mp_convertToASCII.c:2:
src/includes\Utils\string.h:10:7: note: expected 'char *' but argument is of type 'unsigned char *'
 char *util_strrev(char *str);
       ^~~~~~~~~~~
src/mp_convertToMP.c: In function 'convertASCIIToMP':
src/mp_convertToMP.c:11:37: warning: pointer targets in passing argument 1 of 'strlen' differ in signedness [-Wpointer-sign]
 for (unsigned int k = 1; k < strlen(s); k++) {
                                     ^
In file included from src/includes\Main.h:18:0,
                 from src/mp_convertToMP.c:2:
C:/mingw64/mingw64-7.1.0 POSIX SEH/mingw64/x86_64-w64-mingw32/include/string.h:64:18: note: expected 'const char *' but argument is of type 'unsigned char *'
   size_t __cdecl strlen(const char *_Str);
                  ^~~~~~
Completed:  8:08:46.41 Tue 05/23/2017 
